#-----------------------------------------------------------
# Vivado v2019.1 (64-bit)
# SW Build 2552052 on Fri May 24 14:49:42 MDT 2019
# IP Build 2548770 on Fri May 24 18:01:18 MDT 2019
# Start of session at: Fri Nov 22 16:59:31 2019
# Process ID: 13852
# Current directory: C:/Users/iangle22/Desktop/DLD_final/Geometry-Invaders/Geometry_Invaders
# Command line: vivado.exe -gui_launcher_event rodinguilauncherevent780 C:\Users\iangle22\Desktop\DLD_final\Geometry-Invaders\Geometry_Invaders\Geometry_Invaders.xpr
# Log file: C:/Users/iangle22/Desktop/DLD_final/Geometry-Invaders/Geometry_Invaders/vivado.log
# Journal file: C:/Users/iangle22/Desktop/DLD_final/Geometry-Invaders/Geometry_Invaders\vivado.jou
#-----------------------------------------------------------
start_gui
open_project C:/Users/iangle22/Desktop/DLD_final/Geometry-Invaders/Geometry_Invaders/Geometry_Invaders.xpr
INFO: [Project 1-313] Project file moved from 'C:/Users/mcaird22/Desktop/final_project_folder/Geometry-Invaders/Geometry_Invaders' since last save.
Scanning sources...
Finished scanning sources
INFO: [IP_Flow 19-234] Refreshing IP repositories
INFO: [IP_Flow 19-1704] No user IP repositories specified
INFO: [IP_Flow 19-2313] Loaded Vivado IP repository 'C:/Xilinx/Vivado/2019.1/data/ip'.
update_compile_order -fileset sources_1
exit
INFO: [Common 17-206] Exiting Vivado at Fri Nov 22 17:00:01 2019...
