#-----------------------------------------------------------
# Vivado v2019.1 (64-bit)
# SW Build 2552052 on Fri May 24 14:49:42 MDT 2019
# IP Build 2548770 on Fri May 24 18:01:18 MDT 2019
# Start of session at: Fri Nov 22 16:01:34 2019
# Process ID: 12240
# Current directory: C:/Users/mcaird22/Desktop/final_project_folder/Geometry-Invaders/Geometry_Invaders
# Command line: vivado.exe -gui_launcher_event rodinguilauncherevent12392 C:\Users\mcaird22\Desktop\final_project_folder\Geometry-Invaders\Geometry_Invaders\Geometry_Invaders.xpr
# Log file: C:/Users/mcaird22/Desktop/final_project_folder/Geometry-Invaders/Geometry_Invaders/vivado.log
# Journal file: C:/Users/mcaird22/Desktop/final_project_folder/Geometry-Invaders/Geometry_Invaders\vivado.jou
#-----------------------------------------------------------
start_gui
open_project C:/Users/mcaird22/Desktop/final_project_folder/Geometry-Invaders/Geometry_Invaders/Geometry_Invaders.xpr
INFO: [ProjectBase 1-489] The host OS only allows 260 characters in a normal path. The project is stored in a path with more than 80 characters. If you experience issues with IP, Block Designs, or files not being found, please consider moving the project to a location with a shorter path. Alternately consider using the OS subst command to map part of the path to a drive letter.
Current project path is 'C:/Users/mcaird22/Desktop/final_project_folder/Geometry-Invaders/Geometry_Invaders'
Scanning sources...
Finished scanning sources
INFO: [IP_Flow 19-234] Refreshing IP repositories
INFO: [IP_Flow 19-1704] No user IP repositories specified
INFO: [IP_Flow 19-2313] Loaded Vivado IP repository 'C:/Xilinx/Vivado/2019.1/data/ip'.
update_compile_order -fileset sources_1
close [ open C:/Users/mcaird22/Desktop/final_project_folder/Geometry-Invaders/Geometry_Invaders/Geometry_Invaders.srcs/sources_1/new/sync_r.vhd w ]
add_files C:/Users/mcaird22/Desktop/final_project_folder/Geometry-Invaders/Geometry_Invaders/Geometry_Invaders.srcs/sources_1/new/sync_r.vhd
update_compile_order -fileset sources_1
export_ip_user_files -of_objects  [get_files C:/Users/mcaird22/Desktop/final_project_folder/Geometry-Invaders/Geometry_Invaders/Geometry_Invaders.srcs/sources_1/new/sync_r.vhd] -no_script -reset -force -quiet
remove_files  C:/Users/mcaird22/Desktop/final_project_folder/Geometry-Invaders/Geometry_Invaders/Geometry_Invaders.srcs/sources_1/new/sync_r.vhd
close [ open C:/Users/mcaird22/Desktop/final_project_folder/Geometry-Invaders/Geometry_Invaders/Geometry_Invaders.srcs/sources_1/new/Synchronizer.vhd w ]
add_files C:/Users/mcaird22/Desktop/final_project_folder/Geometry-Invaders/Geometry_Invaders/Geometry_Invaders.srcs/sources_1/new/Synchronizer.vhd
update_compile_order -fileset sources_1
close [ open C:/Users/mcaird22/Desktop/final_project_folder/Geometry-Invaders/Geometry_Invaders/Geometry_Invaders.srcs/sources_1/new/Synchronizer_left.vhd w ]
add_files C:/Users/mcaird22/Desktop/final_project_folder/Geometry-Invaders/Geometry_Invaders/Geometry_Invaders.srcs/sources_1/new/Synchronizer_left.vhd
update_compile_order -fileset sources_1
export_ip_user_files -of_objects  [get_files C:/Users/mcaird22/Desktop/final_project_folder/Geometry-Invaders/Geometry_Invaders/Geometry_Invaders.srcs/sources_1/new/Synchronizer.vhd] -no_script -reset -force -quiet
remove_files  C:/Users/mcaird22/Desktop/final_project_folder/Geometry-Invaders/Geometry_Invaders/Geometry_Invaders.srcs/sources_1/new/Synchronizer.vhd
close [ open C:/Users/mcaird22/Desktop/final_project_folder/Geometry-Invaders/Geometry_Invaders/Geometry_Invaders.srcs/sources_1/new/Synchronizer_r.vhd w ]
add_files C:/Users/mcaird22/Desktop/final_project_folder/Geometry-Invaders/Geometry_Invaders/Geometry_Invaders.srcs/sources_1/new/Synchronizer_r.vhd
update_compile_order -fileset sources_1
